<?xml version='1.1' encoding='UTF-8'?>
<result plugin="junit@1.25">
  <suites>
    <suite>
      <name>web.xml</name>
      <stdout></stdout>
      <stderr></stderr>
      <duration>0.0</duration>
      <enclosingBlocks/>
      <enclosingBlockNames/>
      <cases>
        <case>
          <duration>0.0</duration>
          <className>web.xml</className>
          <testName>[failed-to-read]</testName>
          <skipped>false</skipped>
          <errorStackTrace>Failed to read test report file /var/lib/jenkins/workspace/Calculator-pipeline/src/main/webapp/WEB-INF/web.xml
org.dom4j.DocumentException: null Nested exception: null
	at org.dom4j.io.SAXReader.read(SAXReader.java:484)
	at org.dom4j.io.SAXReader.read(SAXReader.java:343)
	at hudson.tasks.junit.SuiteResult.parse(SuiteResult.java:178)
	at hudson.tasks.junit.TestResult.parse(TestResult.java:348)
	at hudson.tasks.junit.TestResult.parsePossiblyEmpty(TestResult.java:281)
	at hudson.tasks.junit.TestResult.parse(TestResult.java:206)
	at hudson.tasks.junit.TestResult.parse(TestResult.java:178)
	at hudson.tasks.junit.TestResult.&lt;init&gt;(TestResult.java:143)
	at hudson.tasks.junit.JUnitParser$ParseResultCallable.invoke(JUnitParser.java:146)
	at hudson.tasks.junit.JUnitParser$ParseResultCallable.invoke(JUnitParser.java:118)
	at hudson.FilePath.act(FilePath.java:1077)
	at hudson.FilePath.act(FilePath.java:1060)
	at hudson.tasks.junit.JUnitParser.parseResult(JUnitParser.java:114)
	at hudson.tasks.junit.JUnitResultArchiver.parse(JUnitResultArchiver.java:136)
	at hudson.tasks.junit.JUnitResultArchiver.parseAndAttach(JUnitResultArchiver.java:166)
	at hudson.tasks.junit.pipeline.JUnitResultsStepExecution.run(JUnitResultsStepExecution.java:50)
	at hudson.tasks.junit.pipeline.JUnitResultsStepExecution.run(JUnitResultsStepExecution.java:23)
	at org.jenkinsci.plugins.workflow.steps.SynchronousNonBlockingStepExecution$1$1.call(SynchronousNonBlockingStepExecution.java:50)
	at hudson.security.ACL.impersonate(ACL.java:290)
	at org.jenkinsci.plugins.workflow.steps.SynchronousNonBlockingStepExecution$1.run(SynchronousNonBlockingStepExecution.java:47)
	at java.util.concurrent.Executors$RunnableAdapter.call(Executors.java:511)
	at java.util.concurrent.FutureTask.run(FutureTask.java:266)
	at java.util.concurrent.ThreadPoolExecutor.runWorker(ThreadPoolExecutor.java:1149)
	at java.util.concurrent.ThreadPoolExecutor$Worker.run(ThreadPoolExecutor.java:624)
	at java.lang.Thread.run(Thread.java:748)
Caused by: java.net.MalformedURLException
	at java.net.URL.&lt;init&gt;(URL.java:627)
	at java.net.URL.&lt;init&gt;(URL.java:490)
	at java.net.URL.&lt;init&gt;(URL.java:439)
	at com.sun.org.apache.xerces.internal.impl.XMLEntityManager.setupCurrentEntity(XMLEntityManager.java:620)
	at com.sun.org.apache.xerces.internal.impl.XMLEntityManager.startEntity(XMLEntityManager.java:1304)
	at com.sun.org.apache.xerces.internal.impl.XMLEntityManager.startDTDEntity(XMLEntityManager.java:1270)
	at com.sun.org.apache.xerces.internal.impl.XMLDTDScannerImpl.setInputSource(XMLDTDScannerImpl.java:264)
	at com.sun.org.apache.xerces.internal.impl.XMLDocumentScannerImpl$DTDDriver.dispatch(XMLDocumentScannerImpl.java:1161)
	at com.sun.org.apache.xerces.internal.impl.XMLDocumentScannerImpl$DTDDriver.next(XMLDocumentScannerImpl.java:1045)
	at com.sun.org.apache.xerces.internal.impl.XMLDocumentScannerImpl$PrologDriver.next(XMLDocumentScannerImpl.java:959)
	at com.sun.org.apache.xerces.internal.impl.XMLDocumentScannerImpl.next(XMLDocumentScannerImpl.java:602)
	at com.sun.org.apache.xerces.internal.impl.XMLNSDocumentScannerImpl.next(XMLNSDocumentScannerImpl.java:112)
	at com.sun.org.apache.xerces.internal.impl.XMLDocumentFragmentScannerImpl.scanDocument(XMLDocumentFragmentScannerImpl.java:505)
	at com.sun.org.apache.xerces.internal.parsers.XML11Configuration.parse(XML11Configuration.java:842)
	at com.sun.org.apache.xerces.internal.parsers.XML11Configuration.parse(XML11Configuration.java:771)
	at com.sun.org.apache.xerces.internal.parsers.XMLParser.parse(XMLParser.java:141)
	at com.sun.org.apache.xerces.internal.parsers.AbstractSAXParser.parse(AbstractSAXParser.java:1213)
	at com.sun.org.apache.xerces.internal.jaxp.SAXParserImpl$JAXPSAXParser.parse(SAXParserImpl.java:643)
	at org.dom4j.io.SAXReader.read(SAXReader.java:465)
	... 24 more
Caused by: java.lang.NullPointerException
Nested exception: 
java.net.MalformedURLException
	at java.net.URL.&lt;init&gt;(URL.java:627)
	at java.net.URL.&lt;init&gt;(URL.java:490)
	at java.net.URL.&lt;init&gt;(URL.java:439)
	at com.sun.org.apache.xerces.internal.impl.XMLEntityManager.setupCurrentEntity(XMLEntityManager.java:620)
	at com.sun.org.apache.xerces.internal.impl.XMLEntityManager.startEntity(XMLEntityManager.java:1304)
	at com.sun.org.apache.xerces.internal.impl.XMLEntityManager.startDTDEntity(XMLEntityManager.java:1270)
	at com.sun.org.apache.xerces.internal.impl.XMLDTDScannerImpl.setInputSource(XMLDTDScannerImpl.java:264)
	at com.sun.org.apache.xerces.internal.impl.XMLDocumentScannerImpl$DTDDriver.dispatch(XMLDocumentScannerImpl.java:1161)
	at com.sun.org.apache.xerces.internal.impl.XMLDocumentScannerImpl$DTDDriver.next(XMLDocumentScannerImpl.java:1045)
	at com.sun.org.apache.xerces.internal.impl.XMLDocumentScannerImpl$PrologDriver.next(XMLDocumentScannerImpl.java:959)
	at com.sun.org.apache.xerces.internal.impl.XMLDocumentScannerImpl.next(XMLDocumentScannerImpl.java:602)
	at com.sun.org.apache.xerces.internal.impl.XMLNSDocumentScannerImpl.next(XMLNSDocumentScannerImpl.java:112)
	at com.sun.org.apache.xerces.internal.impl.XMLDocumentFragmentScannerImpl.scanDocument(XMLDocumentFragmentScannerImpl.java:505)
	at com.sun.org.apache.xerces.internal.parsers.XML11Configuration.parse(XML11Configuration.java:842)
	at com.sun.org.apache.xerces.internal.parsers.XML11Configuration.parse(XML11Configuration.java:771)
	at com.sun.org.apache.xerces.internal.parsers.XMLParser.parse(XMLParser.java:141)
	at com.sun.org.apache.xerces.internal.parsers.AbstractSAXParser.parse(AbstractSAXParser.java:1213)
	at com.sun.org.apache.xerces.internal.jaxp.SAXParserImpl$JAXPSAXParser.parse(SAXParserImpl.java:643)
	at org.dom4j.io.SAXReader.read(SAXReader.java:465)
	at org.dom4j.io.SAXReader.read(SAXReader.java:343)
	at hudson.tasks.junit.SuiteResult.parse(SuiteResult.java:178)
	at hudson.tasks.junit.TestResult.parse(TestResult.java:348)
	at hudson.tasks.junit.TestResult.parsePossiblyEmpty(TestResult.java:281)
	at hudson.tasks.junit.TestResult.parse(TestResult.java:206)
	at hudson.tasks.junit.TestResult.parse(TestResult.java:178)
	at hudson.tasks.junit.TestResult.&lt;init&gt;(TestResult.java:143)
	at hudson.tasks.junit.JUnitParser$ParseResultCallable.invoke(JUnitParser.java:146)
	at hudson.tasks.junit.JUnitParser$ParseResultCallable.invoke(JUnitParser.java:118)
	at hudson.FilePath.act(FilePath.java:1077)
	at hudson.FilePath.act(FilePath.java:1060)
	at hudson.tasks.junit.JUnitParser.parseResult(JUnitParser.java:114)
	at hudson.tasks.junit.JUnitResultArchiver.parse(JUnitResultArchiver.java:136)
	at hudson.tasks.junit.JUnitResultArchiver.parseAndAttach(JUnitResultArchiver.java:166)
	at hudson.tasks.junit.pipeline.JUnitResultsStepExecution.run(JUnitResultsStepExecution.java:50)
	at hudson.tasks.junit.pipeline.JUnitResultsStepExecution.run(JUnitResultsStepExecution.java:23)
	at org.jenkinsci.plugins.workflow.steps.SynchronousNonBlockingStepExecution$1$1.call(SynchronousNonBlockingStepExecution.java:50)
	at hudson.security.ACL.impersonate(ACL.java:290)
	at org.jenkinsci.plugins.workflow.steps.SynchronousNonBlockingStepExecution$1.run(SynchronousNonBlockingStepExecution.java:47)
	at java.util.concurrent.Executors$RunnableAdapter.call(Executors.java:511)
	at java.util.concurrent.FutureTask.run(FutureTask.java:266)
	at java.util.concurrent.ThreadPoolExecutor.runWorker(ThreadPoolExecutor.java:1149)
	at java.util.concurrent.ThreadPoolExecutor$Worker.run(ThreadPoolExecutor.java:624)
	at java.lang.Thread.run(Thread.java:748)
Caused by: java.lang.NullPointerException
</errorStackTrace>
          <errorDetails></errorDetails>
          <failedSince>1</failedSince>
        </case>
        <case>
          <duration>0.0</duration>
          <className>web.xml</className>
          <testName>[failed-to-read]</testName>
          <skipped>false</skipped>
          <errorStackTrace>Failed to read test report file /var/lib/jenkins/workspace/Calculator-pipeline/target/CALCULATOR/WEB-INF/web.xml
org.dom4j.DocumentException: null Nested exception: null
	at org.dom4j.io.SAXReader.read(SAXReader.java:484)
	at org.dom4j.io.SAXReader.read(SAXReader.java:343)
	at hudson.tasks.junit.SuiteResult.parse(SuiteResult.java:178)
	at hudson.tasks.junit.TestResult.parse(TestResult.java:348)
	at hudson.tasks.junit.TestResult.parsePossiblyEmpty(TestResult.java:281)
	at hudson.tasks.junit.TestResult.parse(TestResult.java:206)
	at hudson.tasks.junit.TestResult.parse(TestResult.java:178)
	at hudson.tasks.junit.TestResult.&lt;init&gt;(TestResult.java:143)
	at hudson.tasks.junit.JUnitParser$ParseResultCallable.invoke(JUnitParser.java:146)
	at hudson.tasks.junit.JUnitParser$ParseResultCallable.invoke(JUnitParser.java:118)
	at hudson.FilePath.act(FilePath.java:1077)
	at hudson.FilePath.act(FilePath.java:1060)
	at hudson.tasks.junit.JUnitParser.parseResult(JUnitParser.java:114)
	at hudson.tasks.junit.JUnitResultArchiver.parse(JUnitResultArchiver.java:136)
	at hudson.tasks.junit.JUnitResultArchiver.parseAndAttach(JUnitResultArchiver.java:166)
	at hudson.tasks.junit.pipeline.JUnitResultsStepExecution.run(JUnitResultsStepExecution.java:50)
	at hudson.tasks.junit.pipeline.JUnitResultsStepExecution.run(JUnitResultsStepExecution.java:23)
	at org.jenkinsci.plugins.workflow.steps.SynchronousNonBlockingStepExecution$1$1.call(SynchronousNonBlockingStepExecution.java:50)
	at hudson.security.ACL.impersonate(ACL.java:290)
	at org.jenkinsci.plugins.workflow.steps.SynchronousNonBlockingStepExecution$1.run(SynchronousNonBlockingStepExecution.java:47)
	at java.util.concurrent.Executors$RunnableAdapter.call(Executors.java:511)
	at java.util.concurrent.FutureTask.run(FutureTask.java:266)
	at java.util.concurrent.ThreadPoolExecutor.runWorker(ThreadPoolExecutor.java:1149)
	at java.util.concurrent.ThreadPoolExecutor$Worker.run(ThreadPoolExecutor.java:624)
	at java.lang.Thread.run(Thread.java:748)
Caused by: java.net.MalformedURLException
	at java.net.URL.&lt;init&gt;(URL.java:627)
	at java.net.URL.&lt;init&gt;(URL.java:490)
	at java.net.URL.&lt;init&gt;(URL.java:439)
	at com.sun.org.apache.xerces.internal.impl.XMLEntityManager.setupCurrentEntity(XMLEntityManager.java:620)
	at com.sun.org.apache.xerces.internal.impl.XMLEntityManager.startEntity(XMLEntityManager.java:1304)
	at com.sun.org.apache.xerces.internal.impl.XMLEntityManager.startDTDEntity(XMLEntityManager.java:1270)
	at com.sun.org.apache.xerces.internal.impl.XMLDTDScannerImpl.setInputSource(XMLDTDScannerImpl.java:264)
	at com.sun.org.apache.xerces.internal.impl.XMLDocumentScannerImpl$DTDDriver.dispatch(XMLDocumentScannerImpl.java:1161)
	at com.sun.org.apache.xerces.internal.impl.XMLDocumentScannerImpl$DTDDriver.next(XMLDocumentScannerImpl.java:1045)
	at com.sun.org.apache.xerces.internal.impl.XMLDocumentScannerImpl$PrologDriver.next(XMLDocumentScannerImpl.java:959)
	at com.sun.org.apache.xerces.internal.impl.XMLDocumentScannerImpl.next(XMLDocumentScannerImpl.java:602)
	at com.sun.org.apache.xerces.internal.impl.XMLNSDocumentScannerImpl.next(XMLNSDocumentScannerImpl.java:112)
	at com.sun.org.apache.xerces.internal.impl.XMLDocumentFragmentScannerImpl.scanDocument(XMLDocumentFragmentScannerImpl.java:505)
	at com.sun.org.apache.xerces.internal.parsers.XML11Configuration.parse(XML11Configuration.java:842)
	at com.sun.org.apache.xerces.internal.parsers.XML11Configuration.parse(XML11Configuration.java:771)
	at com.sun.org.apache.xerces.internal.parsers.XMLParser.parse(XMLParser.java:141)
	at com.sun.org.apache.xerces.internal.parsers.AbstractSAXParser.parse(AbstractSAXParser.java:1213)
	at com.sun.org.apache.xerces.internal.jaxp.SAXParserImpl$JAXPSAXParser.parse(SAXParserImpl.java:643)
	at org.dom4j.io.SAXReader.read(SAXReader.java:465)
	... 24 more
Caused by: java.lang.NullPointerException
Nested exception: 
java.net.MalformedURLException
	at java.net.URL.&lt;init&gt;(URL.java:627)
	at java.net.URL.&lt;init&gt;(URL.java:490)
	at java.net.URL.&lt;init&gt;(URL.java:439)
	at com.sun.org.apache.xerces.internal.impl.XMLEntityManager.setupCurrentEntity(XMLEntityManager.java:620)
	at com.sun.org.apache.xerces.internal.impl.XMLEntityManager.startEntity(XMLEntityManager.java:1304)
	at com.sun.org.apache.xerces.internal.impl.XMLEntityManager.startDTDEntity(XMLEntityManager.java:1270)
	at com.sun.org.apache.xerces.internal.impl.XMLDTDScannerImpl.setInputSource(XMLDTDScannerImpl.java:264)
	at com.sun.org.apache.xerces.internal.impl.XMLDocumentScannerImpl$DTDDriver.dispatch(XMLDocumentScannerImpl.java:1161)
	at com.sun.org.apache.xerces.internal.impl.XMLDocumentScannerImpl$DTDDriver.next(XMLDocumentScannerImpl.java:1045)
	at com.sun.org.apache.xerces.internal.impl.XMLDocumentScannerImpl$PrologDriver.next(XMLDocumentScannerImpl.java:959)
	at com.sun.org.apache.xerces.internal.impl.XMLDocumentScannerImpl.next(XMLDocumentScannerImpl.java:602)
	at com.sun.org.apache.xerces.internal.impl.XMLNSDocumentScannerImpl.next(XMLNSDocumentScannerImpl.java:112)
	at com.sun.org.apache.xerces.internal.impl.XMLDocumentFragmentScannerImpl.scanDocument(XMLDocumentFragmentScannerImpl.java:505)
	at com.sun.org.apache.xerces.internal.parsers.XML11Configuration.parse(XML11Configuration.java:842)
	at com.sun.org.apache.xerces.internal.parsers.XML11Configuration.parse(XML11Configuration.java:771)
	at com.sun.org.apache.xerces.internal.parsers.XMLParser.parse(XMLParser.java:141)
	at com.sun.org.apache.xerces.internal.parsers.AbstractSAXParser.parse(AbstractSAXParser.java:1213)
	at com.sun.org.apache.xerces.internal.jaxp.SAXParserImpl$JAXPSAXParser.parse(SAXParserImpl.java:643)
	at org.dom4j.io.SAXReader.read(SAXReader.java:465)
	at org.dom4j.io.SAXReader.read(SAXReader.java:343)
	at hudson.tasks.junit.SuiteResult.parse(SuiteResult.java:178)
	at hudson.tasks.junit.TestResult.parse(TestResult.java:348)
	at hudson.tasks.junit.TestResult.parsePossiblyEmpty(TestResult.java:281)
	at hudson.tasks.junit.TestResult.parse(TestResult.java:206)
	at hudson.tasks.junit.TestResult.parse(TestResult.java:178)
	at hudson.tasks.junit.TestResult.&lt;init&gt;(TestResult.java:143)
	at hudson.tasks.junit.JUnitParser$ParseResultCallable.invoke(JUnitParser.java:146)
	at hudson.tasks.junit.JUnitParser$ParseResultCallable.invoke(JUnitParser.java:118)
	at hudson.FilePath.act(FilePath.java:1077)
	at hudson.FilePath.act(FilePath.java:1060)
	at hudson.tasks.junit.JUnitParser.parseResult(JUnitParser.java:114)
	at hudson.tasks.junit.JUnitResultArchiver.parse(JUnitResultArchiver.java:136)
	at hudson.tasks.junit.JUnitResultArchiver.parseAndAttach(JUnitResultArchiver.java:166)
	at hudson.tasks.junit.pipeline.JUnitResultsStepExecution.run(JUnitResultsStepExecution.java:50)
	at hudson.tasks.junit.pipeline.JUnitResultsStepExecution.run(JUnitResultsStepExecution.java:23)
	at org.jenkinsci.plugins.workflow.steps.SynchronousNonBlockingStepExecution$1$1.call(SynchronousNonBlockingStepExecution.java:50)
	at hudson.security.ACL.impersonate(ACL.java:290)
	at org.jenkinsci.plugins.workflow.steps.SynchronousNonBlockingStepExecution$1.run(SynchronousNonBlockingStepExecution.java:47)
	at java.util.concurrent.Executors$RunnableAdapter.call(Executors.java:511)
	at java.util.concurrent.FutureTask.run(FutureTask.java:266)
	at java.util.concurrent.ThreadPoolExecutor.runWorker(ThreadPoolExecutor.java:1149)
	at java.util.concurrent.ThreadPoolExecutor$Worker.run(ThreadPoolExecutor.java:624)
	at java.lang.Thread.run(Thread.java:748)
Caused by: java.lang.NullPointerException
</errorStackTrace>
          <errorDetails></errorDetails>
          <failedSince>1</failedSince>
        </case>
      </cases>
    </suite>
    <suite>
      <file>/var/lib/jenkins/workspace/Calculator-pipeline/target/surefire-reports/TEST-CalculatorTest.xml</file>
      <name>CalculatorTest</name>
      <duration>0.002</duration>
      <time>0.002</time>
      <nodeId>23</nodeId>
      <enclosingBlocks>
        <string>17</string>
        <string>13</string>
      </enclosingBlocks>
      <enclosingBlockNames>
        <string>Build and Test</string>
        <string>second</string>
      </enclosingBlockNames>
      <cases>
        <case>
          <duration>0.002</duration>
          <className>CalculatorTest</className>
          <testName>divideTest</testName>
          <skipped>false</skipped>
          <failedSince>0</failedSince>
        </case>
        <case>
          <duration>0.0</duration>
          <className>CalculatorTest</className>
          <testName>substractTest</testName>
          <skipped>false</skipped>
          <failedSince>0</failedSince>
        </case>
        <case>
          <duration>0.0</duration>
          <className>CalculatorTest</className>
          <testName>addTest</testName>
          <skipped>false</skipped>
          <failedSince>0</failedSince>
        </case>
        <case>
          <duration>0.0</duration>
          <className>CalculatorTest</className>
          <testName>multiplyTest</testName>
          <skipped>false</skipped>
          <failedSince>0</failedSince>
        </case>
      </cases>
    </suite>
  </suites>
  <duration>0.002</duration>
  <keepLongStdio>false</keepLongStdio>
</result>